[debug] [2018-02-05T01:57:18.467Z] ----------------------------------------------------------------------
[debug] [2018-02-05T01:57:18.469Z] Command:       /Users/kevinwelcher/.nvm/versions/node/v8.2.1/bin/node /Users/kevinwelcher/LocalDev/werewolf/node_modules/.bin/firebase deploy
[debug] [2018-02-05T01:57:18.469Z] CLI Version:   3.17.4
[debug] [2018-02-05T01:57:18.469Z] Platform:      darwin
[debug] [2018-02-05T01:57:18.469Z] Node Version:  v8.2.1
[debug] [2018-02-05T01:57:18.470Z] Time:          Sun Feb 04 2018 20:57:18 GMT-0500 (EST)
[debug] [2018-02-05T01:57:18.470Z] ----------------------------------------------------------------------
[debug] 
[debug] [2018-02-05T01:57:18.484Z] > command requires scopes: ["email","openid","https://www.googleapis.com/auth/cloudplatformprojects.readonly","https://www.googleapis.com/auth/firebase","https://www.googleapis.com/auth/cloud-platform"]
[debug] [2018-02-05T01:57:18.484Z] > authorizing via signed-in user
[debug] [2018-02-05T01:57:18.486Z] > refreshing access token with scopes: ["email","https://www.googleapis.com/auth/cloud-platform","https://www.googleapis.com/auth/cloudplatformprojects.readonly","https://www.googleapis.com/auth/firebase","openid"]
[debug] [2018-02-05T01:57:18.486Z] >>> HTTP REQUEST POST https://www.googleapis.com/oauth2/v3/token  
 { refresh_token: '1/zyLJGupPxFem_xTAIQZ0Ls44l556DrbOFOlGAQhPYZexGuw0fhsIOsnBGbrnUNBx',
  client_id: '563584335869-fgrhgmd47bqnekij5i8b5pr03ho849e6.apps.googleusercontent.com',
  client_secret: 'j9iVZfS8kkCEFUPaAeJV0sAi',
  grant_type: 'refresh_token',
  scope: 'email https://www.googleapis.com/auth/cloud-platform https://www.googleapis.com/auth/cloudplatformprojects.readonly https://www.googleapis.com/auth/firebase openid' } 
 Sun Feb 04 2018 20:57:18 GMT-0500 (EST)
[debug] [2018-02-05T01:57:19.282Z] <<< HTTP RESPONSE 200
[debug] [2018-02-05T01:57:19.291Z] >>> HTTP REQUEST GET https://admin.firebase.com/v1/projects/wt-werewolf  
  
 Sun Feb 04 2018 20:57:19 GMT-0500 (EST)
[debug] [2018-02-05T01:57:20.263Z] <<< HTTP RESPONSE 200
[debug] [2018-02-05T01:57:20.265Z] >>> HTTP REQUEST GET https://admin.firebase.com/v1/database/wt-werewolf/tokens  
  
 Sun Feb 04 2018 20:57:20 GMT-0500 (EST)
[debug] [2018-02-05T01:57:20.911Z] <<< HTTP RESPONSE 200
[info] 
[info] === Deploying to 'wt-werewolf'...
[info] 
[info] i  deploying hosting
[info] i  hosting: preparing dist directory for upload...
[debug] [2018-02-05T01:57:22.509Z] >>> HTTP REQUEST PUT https://deploy.firebase.com/v1/hosting/wt-werewolf/uploads/-L4YfdHYkDk-6yPFddbb?fileCount=59&message=  
  
 Sun Feb 04 2018 20:57:22 GMT-0500 (EST)
